<?xml version="1.0" encoding="UTF-8"?>
<!-- Generated by org.testng.reporters.JUnitReportReporter -->
<testsuite skipped="0" hostname="Alenas-MacBook.local" name="core.ExtentReportsTest" tests="2" failures="0" timestamp="2020-06-21T19:59:10 PDT" time="8.916" errors="0">
  <testcase name="SignUpTest" time="6.399" classname="core.ExtentReportsTest"/>
  <testcase name="ConfirmationTest" time="2.517" classname="core.ExtentReportsTest"/>
</testsuite> <!-- core.ExtentReportsTest -->
